0 info it worked if it ends with ok
1 verbose cli [ 'node', '/usr/local/bin/npm', 'run', 'test' ]
2 info using npm@3.3.12
3 info using node@v0.12.0
4 verbose run-script [ 'pretest', 'test', 'posttest' ]
5 info lifecycle deffered-patch@0.0.1~pretest: deffered-patch@0.0.1
6 silly lifecycle deffered-patch@0.0.1~pretest: no script for pretest, continuing
7 info lifecycle deffered-patch@0.0.1~test: deffered-patch@0.0.1
8 verbose lifecycle deffered-patch@0.0.1~test: unsafe-perm in lifecycle true
9 verbose lifecycle deffered-patch@0.0.1~test: PATH: /usr/local/lib/node_modules/npm/bin/node-gyp-bin:/Users/damianbaar/Documents/Workspaces/HTML:JS:Node/concepts/deffered-patch/node_modules/.bin:/usr/local/lib/node_modules/npm/bin/node-gyp-bin:/Users/damianbaar/Documents/Workspaces/HTML:JS:Node/concepts/deffered-patch/node_modules/.bin:/usr/bin:/bin:/usr/sbin:/sbin:/usr/local/bin:/Users/damianbaar/Documents/Workspaces/go/bin:/Users/damianbaar/Documents/Workspaces/go:/usr/local/bin:/usr/local/go/bin:/opt/local/bin:/usr/local/lib/clojurescript/bin:/usr/local/lib/node_modules/:/usr/local/lib/clojurescript/bin:/usr/local/bin:/usr/local/sbin:/usr/bin:/bin:/usr/sbin:/sbin:/usr/local/rvm/bin:/Users/damianbaar/.rvm/bin:/Users/damianbaar/Documents/Workspaces/HTML:JS:Node/concepts/deffered-patch/node_modules/npm-watch/node_modules/.bin
10 verbose lifecycle deffered-patch@0.0.1~test: CWD: /Users/damianbaar/Documents/Workspaces/HTML:JS:Node/concepts/deffered-patch
11 silly lifecycle deffered-patch@0.0.1~test: Args: [ '-c',
11 silly lifecycle   'node node_modules/tape/bin/tape test/*.js --render=dots' ]
12 silly lifecycle deffered-patch@0.0.1~test: Returned: code: 1  signal: null
13 info lifecycle deffered-patch@0.0.1~test: Failed to exec test script
14 verbose stack Error: deffered-patch@0.0.1 test: `node node_modules/tape/bin/tape test/*.js --render=dots`
14 verbose stack Exit status 1
14 verbose stack     at EventEmitter.<anonymous> (/usr/local/lib/node_modules/npm/lib/utils/lifecycle.js:232:16)
14 verbose stack     at EventEmitter.emit (events.js:110:17)
14 verbose stack     at ChildProcess.<anonymous> (/usr/local/lib/node_modules/npm/lib/utils/spawn.js:24:14)
14 verbose stack     at ChildProcess.emit (events.js:110:17)
14 verbose stack     at maybeClose (child_process.js:1008:16)
14 verbose stack     at Process.ChildProcess._handle.onexit (child_process.js:1080:5)
15 verbose pkgid deffered-patch@0.0.1
16 verbose cwd /Users/damianbaar/Documents/Workspaces/HTML:JS:Node/concepts/deffered-patch
17 error Darwin 15.0.0
18 error argv "node" "/usr/local/bin/npm" "run" "test"
19 error node v0.12.0
20 error npm  v3.3.12
21 error code ELIFECYCLE
22 error deffered-patch@0.0.1 test: `node node_modules/tape/bin/tape test/*.js --render=dots`
22 error Exit status 1
23 error Failed at the deffered-patch@0.0.1 test script 'node node_modules/tape/bin/tape test/*.js --render=dots'.
23 error Make sure you have the latest version of node.js and npm installed.
23 error If you do, this is most likely a problem with the deffered-patch package,
23 error not with npm itself.
23 error Tell the author that this fails on your system:
23 error     node node_modules/tape/bin/tape test/*.js --render=dots
23 error You can get their info via:
23 error     npm owner ls deffered-patch
23 error There is likely additional logging output above.
24 verbose exit [ 1, true ]
